<?xml version="1.0" encoding="UTF-8"?>
<testng-results ignored="0" total="2" passed="2" failed="0" skipped="0">
  <reporter-output>
  </reporter-output>
  <suite started-at="2021-09-07T11:30:09 IST" name="Sanity Test" finished-at="2021-09-07T11:34:32 IST" duration-ms="262202">
    <groups>
    </groups>
    <test started-at="2021-09-07T11:30:09 IST" name="Login Test" finished-at="2021-09-07T11:34:32 IST" duration-ms="262202">
      <class name="testcases.TestLogin">
        <test-method is-config="true" signature="setUp()[pri:0, instance:testcases.TestLogin@3a022576]" started-at="2021-09-07T11:30:11 IST" name="setUp" finished-at="2021-09-07T11:31:37 IST" duration-ms="85619" status="PASS">
          <reporter-output>
          </reporter-output>
        </test-method> <!-- setUp -->
        <test-method signature="testLoginPage(java.lang.String,java.lang.String)[pri:1, instance:testcases.TestLogin@3a022576]" started-at="2021-09-07T11:31:37 IST" name="testLoginPage" data-provider="getData" finished-at="2021-09-07T11:32:55 IST" duration-ms="77670" status="PASS">
          <params>
            <param index="0">
              <value>
                <![CDATA[Admin]]>
              </value>
            </param>
            <param index="1">
              <value>
                <![CDATA[admin123]]>
              </value>
            </param>
          </params>
          <reporter-output>
          </reporter-output>
        </test-method> <!-- testLoginPage -->
        <test-method is-config="true" signature="tearDown()[pri:0, instance:testcases.TestLogin@3a022576]" started-at="2021-09-07T11:32:55 IST" name="tearDown" finished-at="2021-09-07T11:32:55 IST" duration-ms="198" status="PASS">
          <reporter-output>
          </reporter-output>
        </test-method> <!-- tearDown -->
        <test-method is-config="true" signature="setUp()[pri:0, instance:testcases.TestLogin@3a022576]" started-at="2021-09-07T11:32:55 IST" name="setUp" finished-at="2021-09-07T11:34:02 IST" duration-ms="66949" status="PASS">
          <reporter-output>
          </reporter-output>
        </test-method> <!-- setUp -->
        <test-method signature="checkDashboard()[pri:2, instance:testcases.TestLogin@3a022576]" started-at="2021-09-07T11:34:02 IST" name="checkDashboard" finished-at="2021-09-07T11:34:31 IST" duration-ms="29564" status="PASS">
          <reporter-output>
          </reporter-output>
        </test-method> <!-- checkDashboard -->
        <test-method is-config="true" signature="tearDown()[pri:0, instance:testcases.TestLogin@3a022576]" started-at="2021-09-07T11:34:31 IST" name="tearDown" finished-at="2021-09-07T11:34:32 IST" duration-ms="67" status="PASS">
          <reporter-output>
          </reporter-output>
        </test-method> <!-- tearDown -->
      </class> <!-- testcases.TestLogin -->
    </test> <!-- Login Test -->
  </suite> <!-- Sanity Test -->
</testng-results>
